{"raiden": "0.100.2", "python_implementation": "CPython", "python_version": "3.7.2", "system": "macOS 10.12.5 64bit", "distribution": "source", "event": "Starting Raiden", "logger": "raiden.ui.runners", "level": "info", "timestamp": "2019-03-14 18:11:12.986958"}
{"node": "8183c626", "available_nonce": 0, "client": "Geth/v1.8.22-omnibus-260f7fbd/linux-amd64/go1.11.1", "event": "JSONRPCClient created", "logger": "raiden.network.rpc.client", "level": "debug", "timestamp": "2019-03-14 18:11:19.303659"}
{"available_servers": ["https://raidentransport.exchangeunion.com", "https://persephone.raidentransport.digitalvirtues.com", "https://raidentransport.ki-decentralized.com", "https://raidentransport.mycryptoapi.com"], "event": "Fetching available matrix servers", "logger": "raiden.ui.app", "level": "debug", "timestamp": "2019-03-14 18:11:21.896263"}
{"rtt_times": [["https://persephone.raidentransport.digitalvirtues.com", 0.06274666666666666], ["https://raidentransport.ki-decentralized.com", 0.11712866666666667], ["https://raidentransport.exchangeunion.com", 0.12076933333333334], ["https://raidentransport.mycryptoapi.com", 0.12226433333333332]], "event": "Matrix homeserver RTT times", "logger": "raiden.network.transport.matrix", "level": "debug", "timestamp": "2019-03-14 18:11:24.919906"}
{"homeserver": "https://persephone.raidentransport.digitalvirtues.com", "rtt": 0.06274666666666666, "event": "Automatically selecting matrix homeserver based on RTT", "logger": "raiden.network.transport.matrix", "level": "info", "timestamp": "2019-03-14 18:11:24.920596"}
{"event": "Lock 4739839648 acquired on /Users/Ali/.raiden/node_8183c626/netid_3/network_022bf705/.lock", "logger": "filelock", "level": "info", "timestamp": "2019-03-14 18:11:25.239385"}
{"event": "Lock 4739666160 acquired on None.lock", "logger": "filelock", "level": "info", "timestamp": "2019-03-14 18:11:25.240134"}
{"event": "Lock 4739550176 acquired on /Users/Ali/.raiden/node_8183c626/netid_3/network_022bf705/v17_log.db.lock", "logger": "filelock", "level": "info", "timestamp": "2019-03-14 18:11:25.240417"}
{"event": "Lock 4739550176 released on /Users/Ali/.raiden/node_8183c626/netid_3/network_022bf705/v17_log.db.lock", "logger": "filelock", "level": "info", "timestamp": "2019-03-14 18:11:25.249076"}
{"event": "Lock 4739666160 released on None.lock", "logger": "filelock", "level": "info", "timestamp": "2019-03-14 18:11:25.249338"}
{"to_state_change_id": "latest", "event": "No snapshot found, replaying all state changes", "logger": "raiden.storage.wal", "level": "debug", "timestamp": "2019-03-14 18:11:25.301257"}
{"num_state_changes": 217, "event": "Replaying state changes", "logger": "raiden.storage.wal", "level": "debug", "timestamp": "2019-03-14 18:11:25.316304"}
{"last_restored_block": 5203908, "node": "8183c626", "event": "Restored state from WAL", "logger": "raiden.raiden_service", "level": "debug", "timestamp": "2019-03-14 18:11:25.523053"}
{"known_block_number": 5203908, "latest_block_number": 5203918, "latest_gas_limit": 8000029, "latest_block_hash": "0x7cf09b859e882d613eeb53ff934630d647807bf6607e658ddf03b5744ff261b1", "event": "Alarm task first run", "logger": "raiden.tasks", "level": "debug", "timestamp": "2019-03-14 18:11:25.678054"}
{"known_block_number": 5203908, "latest_block_number": 5203918, "latest_block_hash": "0x7cf09b859e882d613eeb53ff934630d647807bf6607e658ddf03b5744ff261b1", "latest_block_gas_limit": 8000029, "num_missed_blocks": 9, "event": "Received new block", "logger": "raiden.tasks", "level": "debug", "timestamp": "2019-03-14 18:11:25.678689"}
{"node": "8183c626", "state_change": "{\"block_number\": \"5203913\", \"gas_limit\": 8000029, \"block_hash\": \"0x723a36e0924fbe40764268db596c1d8d90a02aaf5e837520ad62cfef07f8b56d\", \"_type\": \"raiden.transfer.state_change.Block\", \"_version\": 0}", "event": "State change", "logger": "raiden.raiden_service", "level": "debug", "timestamp": "2019-03-14 18:11:25.989493"}
{"num_pending_transactions": 0, "node": "8183c626", "event": "Processing pending transactions", "logger": "raiden.raiden_service", "level": "debug", "timestamp": "2019-03-14 18:11:25.994423"}
{"user_id": "@0x8183c6263f0601acc72ecac7ddfb898b7f934f3e:persephone.raidentransport.digitalvirtues.com", "event": "Trying previous user login", "logger": "raiden.network.transport.matrix", "level": "debug", "timestamp": "2019-03-14 18:11:25.995271"}
{"user_id": "@0x8183c6263f0601acc72ecac7ddfb898b7f934f3e:persephone.raidentransport.digitalvirtues.com", "event": "Success. Valid previous credentials", "logger": "raiden.network.transport.matrix", "level": "debug", "timestamp": "2019-03-14 18:11:26.311110"}
{"current_user": "@0x8183c6263f0601acc72ecac7ddfb898b7f934f3e:persephone.raidentransport.digitalvirtues.com", "node": "8183c626", "handle_thread": "<Greenlet \"sync_handle_response-None\" at 0x11a81e158: <bound method GMatrixClient._handle_response of <raiden_libs.network.matrix.client.GMatrixClient object at 0x11a24cc50>>({'next_batch': 's2020821_4226896_0_1_1765_1_1_1596, True)>", "event": "Start: handle thread", "logger": "raiden.network.transport.matrix", "level": "debug", "timestamp": "2019-03-14 18:11:26.311467"}
{"current_user": "@0x8183c6263f0601acc72ecac7ddfb898b7f934f3e:persephone.raidentransport.digitalvirtues.com", "node": "8183c626", "rooms": {"!IOXWmCSesEbYvplloa:persephone.raidentransport.digitalvirtues.com": "<Room id=\"!IOXWmCSesEbYvplloa:persephone.raidentransport.digitalvirtues.com\" alias=\"#raiden_ropsten_discovery:persephone.raidentransport.digitalvirtues.com\">"}, "event": "Inventory rooms", "logger": "raiden.network.transport.matrix", "level": "debug", "timestamp": "2019-03-14 18:11:26.561461"}
{"current_user": "@0x8183c6263f0601acc72ecac7ddfb898b7f934f3e:persephone.raidentransport.digitalvirtues.com", "node": "8183c626", "config": {"available_servers": ["https://raidentransport.exchangeunion.com", "https://persephone.raidentransport.digitalvirtues.com", "https://raidentransport.ki-decentralized.com", "https://raidentransport.mycryptoapi.com"], "discovery_room": "discovery", "retries_before_backoff": 5, "retry_interval": 5.0, "server": "auto", "private_rooms": true}, "event": "Matrix started", "logger": "raiden.network.transport.matrix", "level": "debug", "timestamp": "2019-03-14 18:11:26.590197"}
{"node": "8183c626", "event": "Alarm task started", "logger": "raiden.tasks", "level": "debug", "timestamp": "2019-03-14 18:11:26.590608"}
{"node": "8183c626", "event": "Raiden Service started", "logger": "raiden.raiden_service", "level": "debug", "timestamp": "2019-03-14 18:11:26.590877"}
{"host": "127.0.0.1", "port": 5001, "event": "Starting rest api", "logger": "raiden.api.rest", "level": "debug", "timestamp": "2019-03-14 18:11:26.597472"}
{"node": "8183c626", "state_change": "{\"auth_data\": \"@0x8183c6263f0601acc72ecac7ddfb898b7f934f3e:persephone.raidentransport.digitalvirtues.com/MDAzYmxvY2F0aW9uIHBlcnNlcGhvbmUucmFpZGVudHJhbnNwb3J0LmRpZ2l0YWx2aXJ0dWVzLmNvbQowMDEzaWRlbnRpZmllciBrZXkKMDAxMGNpZCBnZW4gPSAxCjAwNmNjaWQgdXNlcl9pZCA9IEAweDgxODNjNjI2M2YwNjAxYWNjNzJlY2FjN2RkZmI4OThiN2Y5MzRmM2U6cGVyc2VwaG9uZS5yYWlkZW50cmFuc3BvcnQuZGlnaXRhbHZpcnR1ZXMuY29tCjAwMTZjaWQgdHlwZSA9IGFjY2VzcwowMDIxY2lkIG5vbmNlID0gMnJeI2YybG1eRU16UXUqYQowMDJmc2lnbmF0dXJlIFTfuu7A2FMuIutf54QQrfI2inGTKV2qLwL4Xi4z1GycCg\", \"_type\": \"raiden.transfer.state_change.ActionUpdateTransportAuthData\", \"_version\": 0}", "event": "State change", "logger": "raiden.raiden_service", "level": "debug", "greenlet_name": "MatrixTransport|Greenlet-0", "timestamp": "2019-03-14 18:11:26.598097"}
{"node": "8183c626", "event": "REST API started", "logger": "raiden.api.rest", "level": "debug", "timestamp": "2019-03-14 18:11:26.601448"}
{"event": "127.0.0.1 - - [2019-03-14 18:11:35] \"PUT /api/v1/tokens/0x9aBa529db3FF2D8409A1da4C9eB148879b046700 HTTP/1.1\" 501 232 0.001952", "logger": "raiden.api.rest.pywsgi", "level": "info", "timestamp": "2019-03-14 18:11:35.013052"}
{"known_block_number": 5203918, "latest_block_number": 5203919, "latest_block_hash": "0xd532af1fc41f5786bec5d37600d739d33d35ea4cf9947024520564c4c8418a57", "latest_block_gas_limit": 8000029, "event": "Received new block", "logger": "raiden.tasks", "level": "debug", "greenlet_name": "AlarmTask|Greenlet-2", "timestamp": "2019-03-14 18:11:49.785923"}
{"node": "8183c626", "state_change": "{\"block_number\": \"5203914\", \"gas_limit\": 8000029, \"block_hash\": \"0x5d1bba4669353ab31006c65094c5bf36a8ad50bf86577033de3d51267643ce15\", \"_type\": \"raiden.transfer.state_change.Block\", \"_version\": 0}", "event": "State change", "logger": "raiden.raiden_service", "level": "debug", "greenlet_name": "AlarmTask|Greenlet-2", "timestamp": "2019-03-14 18:11:50.219314"}
{"known_block_number": 5203919, "latest_block_number": 5203920, "latest_block_hash": "0x803a5a78a857a09627e5ac4a7ea64d738a6aa2596dbc1bb2fe5132782c1af1a1", "latest_block_gas_limit": 8000029, "event": "Received new block", "logger": "raiden.tasks", "level": "debug", "greenlet_name": "AlarmTask|Greenlet-2", "timestamp": "2019-03-14 18:11:55.617624"}
{"node": "8183c626", "state_change": "{\"block_number\": \"5203915\", \"gas_limit\": 8000000, \"block_hash\": \"0xead8acaa717e7c8c01cf8f14f47d56a0be571ffdf1c07d69fd0461fdae443331\", \"_type\": \"raiden.transfer.state_change.Block\", \"_version\": 0}", "event": "State change", "logger": "raiden.raiden_service", "level": "debug", "greenlet_name": "AlarmTask|Greenlet-2", "timestamp": "2019-03-14 18:11:55.951020"}
{"known_block_number": 5203920, "latest_block_number": 5203921, "latest_block_hash": "0x04119a062caa97433846f3a5b2729d6091bddacd5e852eaac82e3cadd54dbc8e", "latest_block_gas_limit": 8000029, "event": "Received new block", "logger": "raiden.tasks", "level": "debug", "greenlet_name": "AlarmTask|Greenlet-2", "timestamp": "2019-03-14 18:12:01.851419"}
{"node": "8183c626", "state_change": "{\"block_number\": \"5203916\", \"gas_limit\": 8000029, \"block_hash\": \"0xae2b3ca139e65c0f8985a3b0d7aa64ae0cac37acf304334ff3d3bd847b93abf4\", \"_type\": \"raiden.transfer.state_change.Block\", \"_version\": 0}", "event": "State change", "logger": "raiden.raiden_service", "level": "debug", "greenlet_name": "AlarmTask|Greenlet-2", "timestamp": "2019-03-14 18:12:02.418767"}
{"known_block_number": 5203921, "latest_block_number": 5203922, "latest_block_hash": "0x8bd564703ac782087a787bf8755dd340f4c0d8e6a1996b026c05749d77ebc623", "latest_block_gas_limit": 8000029, "event": "Received new block", "logger": "raiden.tasks", "level": "debug", "greenlet_name": "AlarmTask|Greenlet-2", "timestamp": "2019-03-14 18:12:13.656846"}
{"node": "8183c626", "state_change": "{\"block_number\": \"5203917\", \"gas_limit\": 8000000, \"block_hash\": \"0xdee9f4ee1a94f872cbb211f52cff0849a2f95f563facc197d5beecb6b4a5d76d\", \"_type\": \"raiden.transfer.state_change.Block\", \"_version\": 0}", "event": "State change", "logger": "raiden.raiden_service", "level": "debug", "greenlet_name": "AlarmTask|Greenlet-2", "timestamp": "2019-03-14 18:12:14.358041"}
{"known_block_number": 5203922, "latest_block_number": 5203923, "latest_block_hash": "0x0637ab9a1299e4d5d6d746887101e3e5c7cc7db0c942edf1b3e2ecec3ec74660", "latest_block_gas_limit": 8000000, "event": "Received new block", "logger": "raiden.tasks", "level": "debug", "greenlet_name": "AlarmTask|Greenlet-2", "timestamp": "2019-03-14 18:12:26.253749"}
{"node": "8183c626", "state_change": "{\"block_number\": \"5203918\", \"gas_limit\": 8000029, \"block_hash\": \"0x7cf09b859e882d613eeb53ff934630d647807bf6607e658ddf03b5744ff261b1\", \"_type\": \"raiden.transfer.state_change.Block\", \"_version\": 0}", "event": "State change", "logger": "raiden.raiden_service", "level": "debug", "greenlet_name": "AlarmTask|Greenlet-2", "timestamp": "2019-03-14 18:12:26.584991"}
{"host": "127.0.0.1", "port": 5001, "event": "Stopping rest api", "logger": "raiden.api.rest", "level": "debug", "timestamp": "2019-03-14 18:12:27.061198"}
{"node": "8183c626", "event": "REST API stopped", "logger": "raiden.api.rest", "level": "debug", "timestamp": "2019-03-14 18:12:27.061901"}
{"current_user": "@0x8183c6263f0601acc72ecac7ddfb898b7f934f3e:persephone.raidentransport.digitalvirtues.com", "node": "8183c626", "config": {"available_servers": ["https://raidentransport.exchangeunion.com", "https://persephone.raidentransport.digitalvirtues.com", "https://raidentransport.ki-decentralized.com", "https://raidentransport.mycryptoapi.com"], "discovery_room": "discovery", "retries_before_backoff": 5, "retry_interval": 5.0, "server": "auto", "private_rooms": true}, "event": "Matrix stopped", "logger": "raiden.network.transport.matrix", "level": "debug", "timestamp": "2019-03-14 18:12:27.132569"}
{"node": "8183c626", "event": "Alarm task stopped", "logger": "raiden.tasks", "level": "debug", "timestamp": "2019-03-14 18:12:27.133032"}
{"event": "Lock 4739839648 released on /Users/Ali/.raiden/node_8183c626/netid_3/network_022bf705/.lock", "logger": "filelock", "level": "info", "timestamp": "2019-03-14 18:12:27.200508"}
{"node": "8183c626", "event": "Raiden Service stopped", "logger": "raiden.raiden_service", "level": "debug", "timestamp": "2019-03-14 18:12:27.200632"}
